<?xml version="1.0" encoding="UTF-8"?>
<!-- Generated by org.testng.reporters.JUnitReportReporter -->
<testsuite hostname="LAPTOP-OSSH23AN" failures="0" tests="6" name="api.test.DDTests" time="11.076" errors="0" timestamp="2025-03-14T13:11:29 IST" skipped="0">
  <testcase classname="api.test.DDTests" name="testPostUserDD" time="3.425"/>
  <testcase classname="api.test.DDTests" name="testPostUserDD" time="1.517"/>
  <testcase classname="api.test.DDTests" name="testPostUserDD" time="1.615"/>
  <testcase classname="api.test.DDTests" name="testDeleteUserByName" time="1.569"/>
  <testcase classname="api.test.DDTests" name="testDeleteUserByName" time="1.432"/>
  <testcase classname="api.test.DDTests" name="testDeleteUserByName" time="1.518"/>
</testsuite> <!-- api.test.DDTests -->
