<?xml version="1.0" encoding="UTF-8"?>
<!-- Generated by org.testng.reporters.JUnitReportReporter -->
<testsuite hostname="LAPTOP-OSSH23AN" failures="0" tests="4" name="api.test.UserTests" time="8.375" errors="0" timestamp="2025-03-17T06:00:18 IST" skipped="0">
  <testcase classname="api.test.UserTests" name="testPostUser" time="3.224"/>
  <testcase classname="api.test.UserTests" name="testGetUserByName" time="1.205"/>
  <testcase classname="api.test.UserTests" name="testUpdateUserByName" time="2.794"/>
  <testcase classname="api.test.UserTests" name="testDeleteUserByName" time="1.152"/>
</testsuite> <!-- api.test.UserTests -->
