<?xml version="1.0" encoding="UTF-8"?>
<!-- Generated by org.testng.reporters.JUnitReportReporter -->
<testsuite hostname="LAPTOP-OSSH23AN" failures="0" tests="4" name="api.test.UserTests" time="9.318" errors="0" timestamp="2025-03-15T00:20:37 IST" skipped="0">
  <testcase classname="api.test.UserTests" name="testPostUser" time="3.266"/>
  <testcase classname="api.test.UserTests" name="testGetUserByName" time="1.562"/>
  <testcase classname="api.test.UserTests" name="testUpdateUserByName" time="3.061"/>
  <testcase classname="api.test.UserTests" name="testDeleteUserByName" time="1.429"/>
</testsuite> <!-- api.test.UserTests -->
