<?xml version="1.0" encoding="UTF-8"?>
<!-- Generated by org.testng.reporters.JUnitReportReporter -->
<testsuite hostname="LAPTOP-OSSH23AN" failures="0" tests="4" name="api.test.UserTests2" time="7.567" errors="0" timestamp="2025-03-15T14:29:16 IST" skipped="0">
  <testcase classname="api.test.UserTests2" name="testPostUser" time="2.548"/>
  <testcase classname="api.test.UserTests2" name="testGetUserByName" time="1.347"/>
  <testcase classname="api.test.UserTests2" name="testUpdateUserByName" time="2.469"/>
  <testcase classname="api.test.UserTests2" name="testDeleteUserByName" time="1.203"/>
</testsuite> <!-- api.test.UserTests2 -->
